2021/10/12 22:46:51 [notice] 1#1: using the "epoll" event method
2021/10/12 22:46:51 [notice] 1#1: nginx/1.21.3
2021/10/12 22:46:51 [notice] 1#1: built by gcc 8.3.0 (Debian 8.3.0-6) 
2021/10/12 22:46:51 [notice] 1#1: OS: Linux 5.11.0-37-generic
2021/10/12 22:46:51 [notice] 1#1: getrlimit(RLIMIT_NOFILE): 1048576:1048576
2021/10/12 22:46:51 [notice] 1#1: start worker processes
2021/10/12 22:46:51 [notice] 1#1: start worker process 22
2021/10/12 22:46:51 [notice] 1#1: start worker process 23
2021/10/12 22:46:51 [notice] 1#1: start worker process 24
2021/10/12 22:46:51 [notice] 1#1: start worker process 25
2021/10/12 22:50:38 [notice] 1#1: signal 3 (SIGQUIT) received, shutting down
2021/10/12 22:50:38 [notice] 22#22: gracefully shutting down
2021/10/12 22:50:38 [notice] 25#25: gracefully shutting down
2021/10/12 22:50:38 [notice] 22#22: exiting
2021/10/12 22:50:38 [notice] 25#25: exiting
2021/10/12 22:50:38 [notice] 22#22: exit
2021/10/12 22:50:38 [notice] 25#25: exit
2021/10/12 22:50:38 [notice] 23#23: gracefully shutting down
2021/10/12 22:50:38 [notice] 23#23: exiting
2021/10/12 22:50:38 [notice] 23#23: exit
2021/10/12 22:50:38 [notice] 24#24: gracefully shutting down
2021/10/12 22:50:38 [notice] 24#24: exiting
2021/10/12 22:50:38 [notice] 24#24: exit
2021/10/12 22:50:38 [notice] 1#1: signal 17 (SIGCHLD) received from 25
2021/10/12 22:50:38 [notice] 1#1: worker process 25 exited with code 0
2021/10/12 22:50:38 [notice] 1#1: signal 29 (SIGIO) received
2021/10/12 22:50:38 [notice] 1#1: signal 17 (SIGCHLD) received from 22
2021/10/12 22:50:38 [notice] 1#1: worker process 22 exited with code 0
2021/10/12 22:50:38 [notice] 1#1: signal 29 (SIGIO) received
2021/10/12 22:50:38 [notice] 1#1: signal 17 (SIGCHLD) received from 23
2021/10/12 22:50:38 [notice] 1#1: worker process 23 exited with code 0
2021/10/12 22:50:38 [notice] 1#1: signal 29 (SIGIO) received
2021/10/12 22:50:38 [notice] 1#1: signal 17 (SIGCHLD) received from 24
2021/10/12 22:50:38 [notice] 1#1: worker process 24 exited with code 0
2021/10/12 22:50:38 [notice] 1#1: exit
2021/10/12 22:51:43 [notice] 1#1: using the "epoll" event method
2021/10/12 22:51:43 [notice] 1#1: nginx/1.21.3
2021/10/12 22:51:43 [notice] 1#1: built by gcc 8.3.0 (Debian 8.3.0-6) 
2021/10/12 22:51:43 [notice] 1#1: OS: Linux 5.11.0-37-generic
2021/10/12 22:51:43 [notice] 1#1: getrlimit(RLIMIT_NOFILE): 1048576:1048576
2021/10/12 22:51:43 [notice] 1#1: start worker processes
2021/10/12 22:51:43 [notice] 1#1: start worker process 31
2021/10/12 22:51:43 [notice] 1#1: start worker process 32
2021/10/12 22:51:43 [notice] 1#1: start worker process 33
2021/10/12 22:51:43 [notice] 1#1: start worker process 34
2021/10/12 22:56:17 [notice] 1#1: signal 3 (SIGQUIT) received, shutting down
2021/10/12 22:56:17 [notice] 31#31: gracefully shutting down
2021/10/12 22:56:17 [notice] 31#31: exiting
2021/10/12 22:56:17 [notice] 31#31: exit
2021/10/12 22:56:17 [notice] 32#32: gracefully shutting down
2021/10/12 22:56:17 [notice] 32#32: exiting
2021/10/12 22:56:17 [notice] 32#32: exit
2021/10/12 22:56:17 [notice] 33#33: gracefully shutting down
2021/10/12 22:56:17 [notice] 33#33: exiting
2021/10/12 22:56:17 [notice] 33#33: exit
2021/10/12 22:56:17 [notice] 34#34: gracefully shutting down
2021/10/12 22:56:17 [notice] 34#34: exiting
2021/10/12 22:56:17 [notice] 34#34: exit
2021/10/12 22:56:17 [notice] 1#1: signal 17 (SIGCHLD) received from 31
2021/10/12 22:56:17 [notice] 1#1: worker process 31 exited with code 0
2021/10/12 22:56:17 [notice] 1#1: worker process 32 exited with code 0
2021/10/12 22:56:17 [notice] 1#1: signal 29 (SIGIO) received
2021/10/12 22:56:17 [notice] 1#1: signal 17 (SIGCHLD) received from 34
2021/10/12 22:56:17 [notice] 1#1: worker process 34 exited with code 0
2021/10/12 22:56:17 [notice] 1#1: worker process 33 exited with code 0
2021/10/12 22:56:17 [notice] 1#1: exit
2021/10/12 22:56:23 [notice] 1#1: using the "epoll" event method
2021/10/12 22:56:23 [notice] 1#1: nginx/1.21.3
2021/10/12 22:56:23 [notice] 1#1: built by gcc 8.3.0 (Debian 8.3.0-6) 
2021/10/12 22:56:23 [notice] 1#1: OS: Linux 5.11.0-37-generic
2021/10/12 22:56:23 [notice] 1#1: getrlimit(RLIMIT_NOFILE): 1048576:1048576
2021/10/12 22:56:23 [notice] 1#1: start worker processes
2021/10/12 22:56:23 [notice] 1#1: start worker process 31
2021/10/12 22:56:23 [notice] 1#1: start worker process 32
2021/10/12 22:56:23 [notice] 1#1: start worker process 33
2021/10/12 22:56:23 [notice] 1#1: start worker process 34
2021/10/12 22:56:25 [error] 31#31: *1 "/etc/nginx/html/index.html" is not found (2: No such file or directory), client: 172.25.0.1, server: , request: "GET / HTTP/1.1", host: "localhost"
2021/10/12 22:56:25 [error] 31#31: *1 open() "/etc/nginx/html/favicon.ico" failed (2: No such file or directory), client: 172.25.0.1, server: , request: "GET /favicon.ico HTTP/1.1", host: "localhost", referrer: "http://localhost/"
2021/10/12 22:59:36 [notice] 1#1: signal 3 (SIGQUIT) received, shutting down
2021/10/12 22:59:36 [notice] 31#31: gracefully shutting down
2021/10/12 22:59:36 [notice] 33#33: gracefully shutting down
2021/10/12 22:59:36 [notice] 31#31: exiting
2021/10/12 22:59:36 [notice] 33#33: exiting
2021/10/12 22:59:36 [notice] 32#32: gracefully shutting down
2021/10/12 22:59:36 [notice] 33#33: exit
2021/10/12 22:59:36 [notice] 31#31: exit
2021/10/12 22:59:36 [notice] 32#32: exiting
2021/10/12 22:59:36 [notice] 32#32: exit
2021/10/12 22:59:36 [notice] 34#34: gracefully shutting down
2021/10/12 22:59:36 [notice] 34#34: exiting
2021/10/12 22:59:36 [notice] 34#34: exit
2021/10/12 22:59:36 [notice] 1#1: signal 17 (SIGCHLD) received from 31
2021/10/12 22:59:36 [notice] 1#1: worker process 31 exited with code 0
2021/10/12 22:59:36 [notice] 1#1: worker process 34 exited with code 0
2021/10/12 22:59:36 [notice] 1#1: signal 29 (SIGIO) received
2021/10/12 22:59:36 [notice] 1#1: signal 17 (SIGCHLD) received from 32
2021/10/12 22:59:36 [notice] 1#1: worker process 32 exited with code 0
2021/10/12 22:59:36 [notice] 1#1: signal 29 (SIGIO) received
2021/10/12 22:59:36 [notice] 1#1: signal 17 (SIGCHLD) received from 33
2021/10/12 22:59:36 [notice] 1#1: worker process 33 exited with code 0
2021/10/12 22:59:36 [notice] 1#1: exit
2021/10/12 22:59:41 [notice] 1#1: using the "epoll" event method
2021/10/12 22:59:41 [notice] 1#1: nginx/1.21.3
2021/10/12 22:59:41 [notice] 1#1: built by gcc 8.3.0 (Debian 8.3.0-6) 
2021/10/12 22:59:41 [notice] 1#1: OS: Linux 5.11.0-37-generic
2021/10/12 22:59:41 [notice] 1#1: getrlimit(RLIMIT_NOFILE): 1048576:1048576
2021/10/12 22:59:41 [notice] 1#1: start worker processes
2021/10/12 22:59:41 [notice] 1#1: start worker process 29
2021/10/12 22:59:41 [notice] 1#1: start worker process 30
2021/10/12 22:59:41 [notice] 1#1: start worker process 31
2021/10/12 22:59:41 [notice] 1#1: start worker process 32
2021/10/12 22:59:57 [error] 29#29: *1 connect() failed (111: Connection refused) while connecting to upstream, client: 172.26.0.1, server: , request: "GET / HTTP/1.1", upstream: "http://172.26.0.2:80/", host: "localhost"
2021/10/12 22:59:57 [warn] 29#29: *1 upstream server temporarily disabled while connecting to upstream, client: 172.26.0.1, server: , request: "GET / HTTP/1.1", upstream: "http://172.26.0.2:80/", host: "localhost"
2021/10/12 22:59:57 [error] 29#29: *1 connect() failed (111: Connection refused) while connecting to upstream, client: 172.26.0.1, server: , request: "GET / HTTP/1.1", upstream: "http://172.26.0.3:80/", host: "localhost"
2021/10/12 22:59:57 [warn] 29#29: *1 upstream server temporarily disabled while connecting to upstream, client: 172.26.0.1, server: , request: "GET / HTTP/1.1", upstream: "http://172.26.0.3:80/", host: "localhost"
2021/10/12 22:59:58 [error] 29#29: *1 no live upstreams while connecting to upstream, client: 172.26.0.1, server: , request: "GET / HTTP/1.1", upstream: "http://web/", host: "localhost"
2021/10/12 22:59:59 [error] 29#29: *1 no live upstreams while connecting to upstream, client: 172.26.0.1, server: , request: "GET / HTTP/1.1", upstream: "http://web/", host: "localhost"
2021/10/12 23:00:16 [error] 29#29: *1 connect() failed (111: Connection refused) while connecting to upstream, client: 172.26.0.1, server: , request: "GET / HTTP/1.1", upstream: "http://172.26.0.3:80/", host: "localhost"
2021/10/12 23:00:16 [warn] 29#29: *1 upstream server temporarily disabled while connecting to upstream, client: 172.26.0.1, server: , request: "GET / HTTP/1.1", upstream: "http://172.26.0.3:80/", host: "localhost"
2021/10/12 23:00:16 [error] 29#29: *1 connect() failed (111: Connection refused) while connecting to upstream, client: 172.26.0.1, server: , request: "GET / HTTP/1.1", upstream: "http://172.26.0.2:80/", host: "localhost"
2021/10/12 23:00:16 [warn] 29#29: *1 upstream server temporarily disabled while connecting to upstream, client: 172.26.0.1, server: , request: "GET / HTTP/1.1", upstream: "http://172.26.0.2:80/", host: "localhost"
2021/10/12 23:00:17 [error] 29#29: *1 no live upstreams while connecting to upstream, client: 172.26.0.1, server: , request: "GET / HTTP/1.1", upstream: "http://web/", host: "localhost"
2021/10/12 23:00:17 [error] 29#29: *6 no live upstreams while connecting to upstream, client: 172.26.0.1, server: , request: "GET / HTTP/1.1", upstream: "http://web/", host: "localhost"
2021/10/12 23:00:17 [error] 29#29: *6 no live upstreams while connecting to upstream, client: 172.26.0.1, server: , request: "GET /favicon.ico HTTP/1.1", upstream: "http://web/favicon.ico", host: "localhost", referrer: "http://localhost/"
2021/10/12 23:00:17 [error] 29#29: *7 no live upstreams while connecting to upstream, client: 172.26.0.1, server: , request: "GET / HTTP/1.1", upstream: "http://web/", host: "localhost"
2021/10/12 23:00:17 [error] 29#29: *7 no live upstreams while connecting to upstream, client: 172.26.0.1, server: , request: "GET /favicon.ico HTTP/1.1", upstream: "http://web/favicon.ico", host: "localhost", referrer: "http://localhost/"
2021/10/12 23:00:17 [error] 29#29: *8 no live upstreams while connecting to upstream, client: 172.26.0.1, server: , request: "GET / HTTP/1.1", upstream: "http://web/", host: "localhost"
2021/10/12 23:00:17 [error] 29#29: *8 no live upstreams while connecting to upstream, client: 172.26.0.1, server: , request: "GET /favicon.ico HTTP/1.1", upstream: "http://web/favicon.ico", host: "localhost", referrer: "http://localhost/"
2021/10/12 23:00:24 [notice] 1#1: signal 3 (SIGQUIT) received, shutting down
2021/10/12 23:00:24 [notice] 29#29: gracefully shutting down
2021/10/12 23:00:24 [notice] 31#31: gracefully shutting down
2021/10/12 23:00:24 [notice] 31#31: exiting
2021/10/12 23:00:24 [notice] 31#31: exit
2021/10/12 23:00:24 [notice] 29#29: exiting
2021/10/12 23:00:24 [notice] 29#29: exit
2021/10/12 23:00:24 [notice] 32#32: gracefully shutting down
2021/10/12 23:00:24 [notice] 32#32: exiting
2021/10/12 23:00:24 [notice] 32#32: exit
2021/10/12 23:00:24 [notice] 30#30: gracefully shutting down
2021/10/12 23:00:24 [notice] 30#30: exiting
2021/10/12 23:00:24 [notice] 30#30: exit
2021/10/12 23:00:24 [notice] 1#1: signal 17 (SIGCHLD) received from 29
2021/10/12 23:00:24 [notice] 1#1: worker process 29 exited with code 0
2021/10/12 23:00:24 [notice] 1#1: signal 29 (SIGIO) received
2021/10/12 23:00:24 [notice] 1#1: signal 17 (SIGCHLD) received from 31
2021/10/12 23:00:24 [notice] 1#1: worker process 31 exited with code 0
2021/10/12 23:00:24 [notice] 1#1: signal 29 (SIGIO) received
2021/10/12 23:00:24 [notice] 1#1: signal 17 (SIGCHLD) received from 32
2021/10/12 23:00:24 [notice] 1#1: worker process 32 exited with code 0
2021/10/12 23:00:24 [notice] 1#1: signal 29 (SIGIO) received
2021/10/12 23:00:24 [notice] 1#1: signal 17 (SIGCHLD) received from 30
2021/10/12 23:00:24 [notice] 1#1: worker process 30 exited with code 0
2021/10/12 23:00:24 [notice] 1#1: exit
2021/10/12 23:00:30 [notice] 1#1: using the "epoll" event method
2021/10/12 23:00:30 [notice] 1#1: nginx/1.21.3
2021/10/12 23:00:30 [notice] 1#1: built by gcc 8.3.0 (Debian 8.3.0-6) 
2021/10/12 23:00:30 [notice] 1#1: OS: Linux 5.11.0-37-generic
2021/10/12 23:00:30 [notice] 1#1: getrlimit(RLIMIT_NOFILE): 1048576:1048576
2021/10/12 23:00:30 [notice] 1#1: start worker processes
2021/10/12 23:00:30 [notice] 1#1: start worker process 30
2021/10/12 23:00:30 [notice] 1#1: start worker process 31
2021/10/12 23:00:30 [notice] 1#1: start worker process 32
2021/10/12 23:00:30 [notice] 1#1: start worker process 33
2021/10/12 23:00:41 [warn] 33#33: *5 an upstream response is buffered to a temporary file /var/cache/nginx/proxy_temp/1/00/0000000001 while reading upstream, client: 172.27.0.1, server: , request: "GET /swagger-ui-bundle.js HTTP/1.1", upstream: "http://172.27.0.3:3000/swagger-ui-bundle.js", host: "localhost", referrer: "http://localhost/"
2021/10/12 23:02:54 [error] 31#31: *26 connect() failed (113: No route to host) while connecting to upstream, client: 172.27.0.1, server: , request: "GET /health HTTP/1.1", upstream: "http://172.27.0.2:3000/health", host: "localhost"
2021/10/12 23:02:54 [warn] 31#31: *26 upstream server temporarily disabled while connecting to upstream, client: 172.27.0.1, server: , request: "GET /health HTTP/1.1", upstream: "http://172.27.0.2:3000/health", host: "localhost"
